2017-10-30 14:33:47.314  INFO [-,,,] 23467 --- [main] com.apiguild.InfoApiApplication          : No active profile set, falling back to default profiles: default
2017-10-30 14:33:47.325  INFO [-,,,] 23467 --- [main] ationConfigEmbeddedWebApplicationContext : Refreshing org.springframework.boot.context.embedded.AnnotationConfigEmbeddedWebApplicationContext@ebaa6cb: startup date [Mon Oct 30 14:33:47 CST 2017]; parent: org.springframework.context.annotation.AnnotationConfigApplicationContext@60704c
2017-10-30 14:33:47.770  INFO [-,,,] 23467 --- [main] o.s.cloud.context.scope.GenericScope     : BeanFactory id=875aefc6-63d7-37d1-8300-e2ad72b5d117
2017-10-30 14:33:47.834  INFO [-,,,] 23467 --- [main] trationDelegate$BeanPostProcessorChecker : Bean 'org.springframework.cloud.sleuth.instrument.async.AsyncDefaultAutoConfiguration$DefaultAsyncConfigurerSupport' of type [org.springframework.cloud.sleuth.instrument.async.AsyncDefaultAutoConfiguration$DefaultAsyncConfigurerSupport$$EnhancerBySpringCGLIB$$d220b537] is not eligible for getting processed by all BeanPostProcessors (for example: not eligible for auto-proxying)
2017-10-30 14:33:47.896  INFO [-,,,] 23467 --- [main] trationDelegate$BeanPostProcessorChecker : Bean 'org.springframework.cloud.sleuth.annotation.SleuthAnnotationAutoConfiguration' of type [org.springframework.cloud.sleuth.annotation.SleuthAnnotationAutoConfiguration$$EnhancerBySpringCGLIB$$97445da6] is not eligible for getting processed by all BeanPostProcessors (for example: not eligible for auto-proxying)
2017-10-30 14:33:48.060  INFO [-,,,] 23467 --- [main] trationDelegate$BeanPostProcessorChecker : Bean 'sleuthAdvisorConfig' of type [org.springframework.cloud.sleuth.annotation.SleuthAdvisorConfig] is not eligible for getting processed by all BeanPostProcessors (for example: not eligible for auto-proxying)
2017-10-30 14:33:48.063  INFO [-,,,] 23467 --- [main] trationDelegate$BeanPostProcessorChecker : Bean 'org.springframework.cloud.autoconfigure.ConfigurationPropertiesRebinderAutoConfiguration' of type [org.springframework.cloud.autoconfigure.ConfigurationPropertiesRebinderAutoConfiguration$$EnhancerBySpringCGLIB$$b0f91a71] is not eligible for getting processed by all BeanPostProcessors (for example: not eligible for auto-proxying)
2017-10-30 14:33:48.086  INFO [-,,,] 23467 --- [main] trationDelegate$BeanPostProcessorChecker : Bean 'org.springframework.cloud.sleuth.instrument.async.AsyncDefaultAutoConfiguration' of type [org.springframework.cloud.sleuth.instrument.async.AsyncDefaultAutoConfiguration$$EnhancerBySpringCGLIB$$7cc2c393] is not eligible for getting processed by all BeanPostProcessors (for example: not eligible for auto-proxying)
2017-10-30 14:33:48.527  INFO [-,,,] 23467 --- [main] s.b.c.e.t.TomcatEmbeddedServletContainer : Tomcat initialized with port(s): 8083 (http)
2017-10-30 14:33:48.538  INFO [-,,,] 23467 --- [main] o.apache.catalina.core.StandardService   : Starting service [Tomcat]
2017-10-30 14:33:48.539  INFO [-,,,] 23467 --- [main] org.apache.catalina.core.StandardEngine  : Starting Servlet Engine: Apache Tomcat/8.5.23
2017-10-30 14:33:48.641  INFO [-,,,] 23467 --- [localhost-startStop-1] o.a.c.c.C.[Tomcat].[localhost].[/]       : Initializing Spring embedded WebApplicationContext
2017-10-30 14:33:48.641  INFO [-,,,] 23467 --- [localhost-startStop-1] o.s.web.context.ContextLoader            : Root WebApplicationContext: initialization completed in 1316 ms
2017-10-30 14:33:49.040  INFO [-,,,] 23467 --- [localhost-startStop-1] o.s.b.w.servlet.FilterRegistrationBean   : Mapping filter: 'characterEncodingFilter' to: [/*]
2017-10-30 14:33:49.041  INFO [-,,,] 23467 --- [localhost-startStop-1] o.s.b.w.servlet.FilterRegistrationBean   : Mapping filter: 'traceFilter' to: [/*]
2017-10-30 14:33:49.041  INFO [-,,,] 23467 --- [localhost-startStop-1] o.s.b.w.servlet.FilterRegistrationBean   : Mapping filter: 'hiddenHttpMethodFilter' to: [/*]
2017-10-30 14:33:49.042  INFO [-,,,] 23467 --- [localhost-startStop-1] o.s.b.w.servlet.FilterRegistrationBean   : Mapping filter: 'httpPutFormContentFilter' to: [/*]
2017-10-30 14:33:49.042  INFO [-,,,] 23467 --- [localhost-startStop-1] o.s.b.w.servlet.FilterRegistrationBean   : Mapping filter: 'requestContextFilter' to: [/*]
2017-10-30 14:33:49.042  INFO [-,,,] 23467 --- [localhost-startStop-1] o.s.b.w.servlet.ServletRegistrationBean  : Mapping servlet: 'dispatcherServlet' to [/]
2017-10-30 14:33:49.958  INFO [-,,,] 23467 --- [main] s.w.s.m.m.a.RequestMappingHandlerAdapter : Looking for @ControllerAdvice: org.springframework.boot.context.embedded.AnnotationConfigEmbeddedWebApplicationContext@ebaa6cb: startup date [Mon Oct 30 14:33:47 CST 2017]; parent: org.springframework.context.annotation.AnnotationConfigApplicationContext@60704c
2017-10-30 14:33:50.108  INFO [-,,,] 23467 --- [main] s.w.s.m.m.a.RequestMappingHandlerMapping : Mapped "{[/userinfo],methods=[GET]}" onto public com.apiguild.model.UserInfo com.apiguild.controller.InfoApi.getUserInfo()
2017-10-30 14:33:50.112  INFO [-,,,] 23467 --- [main] s.w.s.m.m.a.RequestMappingHandlerMapping : Mapped "{[/error]}" onto public org.springframework.http.ResponseEntity<java.util.Map<java.lang.String, java.lang.Object>> org.springframework.boot.autoconfigure.web.BasicErrorController.error(javax.servlet.http.HttpServletRequest)
2017-10-30 14:33:50.112  INFO [-,,,] 23467 --- [main] s.w.s.m.m.a.RequestMappingHandlerMapping : Mapped "{[/error],produces=[text/html]}" onto public org.springframework.web.servlet.ModelAndView org.springframework.boot.autoconfigure.web.BasicErrorController.errorHtml(javax.servlet.http.HttpServletRequest,javax.servlet.http.HttpServletResponse)
2017-10-30 14:33:50.257  INFO [-,,,] 23467 --- [main] o.s.w.s.handler.SimpleUrlHandlerMapping  : Mapped URL path [/webjars/**] onto handler of type [class org.springframework.web.servlet.resource.ResourceHttpRequestHandler]
2017-10-30 14:33:50.257  INFO [-,,,] 23467 --- [main] o.s.w.s.handler.SimpleUrlHandlerMapping  : Mapped URL path [/**] onto handler of type [class org.springframework.web.servlet.resource.ResourceHttpRequestHandler]
2017-10-30 14:33:50.349  INFO [-,,,] 23467 --- [main] o.s.w.s.handler.SimpleUrlHandlerMapping  : Mapped URL path [/**/favicon.ico] onto handler of type [class org.springframework.web.servlet.resource.ResourceHttpRequestHandler]
2017-10-30 14:33:50.943  INFO [-,,,] 23467 --- [main] o.s.s.c.ThreadPoolTaskScheduler          : Initializing ExecutorService 
2017-10-30 14:33:51.263  INFO [-,,,] 23467 --- [main] o.s.j.e.a.AnnotationMBeanExporter        : Registering beans for JMX exposure on startup
2017-10-30 14:33:51.273  INFO [-,,,] 23467 --- [main] o.s.j.e.a.AnnotationMBeanExporter        : Bean with name 'configurationPropertiesRebinder' has been autodetected for JMX exposure
2017-10-30 14:33:51.273  INFO [-,,,] 23467 --- [main] o.s.j.e.a.AnnotationMBeanExporter        : Bean with name 'environmentManager' has been autodetected for JMX exposure
2017-10-30 14:33:51.275  INFO [-,,,] 23467 --- [main] o.s.j.e.a.AnnotationMBeanExporter        : Bean with name 'refreshScope' has been autodetected for JMX exposure
2017-10-30 14:33:51.279  INFO [-,,,] 23467 --- [main] o.s.j.e.a.AnnotationMBeanExporter        : Located managed bean 'environmentManager': registering with JMX server as MBean [org.springframework.cloud.context.environment:name=environmentManager,type=EnvironmentManager]
2017-10-30 14:33:51.294  INFO [-,,,] 23467 --- [main] o.s.j.e.a.AnnotationMBeanExporter        : Located managed bean 'refreshScope': registering with JMX server as MBean [org.springframework.cloud.context.scope.refresh:name=refreshScope,type=RefreshScope]
2017-10-30 14:33:51.305  INFO [-,,,] 23467 --- [main] o.s.j.e.a.AnnotationMBeanExporter        : Located managed bean 'configurationPropertiesRebinder': registering with JMX server as MBean [org.springframework.cloud.context.properties:name=configurationPropertiesRebinder,context=ebaa6cb,type=ConfigurationPropertiesRebinder]
2017-10-30 14:33:51.409  INFO [-,,,] 23467 --- [main] s.b.c.e.t.TomcatEmbeddedServletContainer : Tomcat started on port(s): 8083 (http)
2017-10-30 14:33:51.414  INFO [-,,,] 23467 --- [main] com.apiguild.InfoApiApplication          : Started InfoApiApplication in 5.567 seconds (JVM running for 5.943)
2017-10-30 14:34:06.386  INFO [-,,,] 23467 --- [Thread-6] ationConfigEmbeddedWebApplicationContext : Closing org.springframework.boot.context.embedded.AnnotationConfigEmbeddedWebApplicationContext@ebaa6cb: startup date [Mon Oct 30 14:33:47 CST 2017]; parent: org.springframework.context.annotation.AnnotationConfigApplicationContext@60704c
2017-10-30 14:34:07.020  INFO [-,,,] 23467 --- [Thread-6] o.s.j.e.a.AnnotationMBeanExporter        : Unregistering JMX-exposed beans on shutdown
2017-10-30 14:34:07.021  INFO [-,,,] 23467 --- [Thread-6] o.s.j.e.a.AnnotationMBeanExporter        : Unregistering JMX-exposed beans
2017-10-30 14:34:10.428  INFO [-,,,] 23700 --- [main] com.apiguild.InfoApiApplication          : No active profile set, falling back to default profiles: default
2017-10-30 14:34:10.440  INFO [-,,,] 23700 --- [main] ationConfigEmbeddedWebApplicationContext : Refreshing org.springframework.boot.context.embedded.AnnotationConfigEmbeddedWebApplicationContext@7862f56: startup date [Mon Oct 30 14:34:10 CST 2017]; parent: org.springframework.context.annotation.AnnotationConfigApplicationContext@75f32542
2017-10-30 14:34:10.885  INFO [-,,,] 23700 --- [main] o.s.cloud.context.scope.GenericScope     : BeanFactory id=87eaffc0-cdfc-33ab-b05e-95ea0d8a4115
2017-10-30 14:34:10.949  INFO [-,,,] 23700 --- [main] trationDelegate$BeanPostProcessorChecker : Bean 'org.springframework.cloud.sleuth.instrument.async.AsyncDefaultAutoConfiguration$DefaultAsyncConfigurerSupport' of type [org.springframework.cloud.sleuth.instrument.async.AsyncDefaultAutoConfiguration$DefaultAsyncConfigurerSupport$$EnhancerBySpringCGLIB$$3d02c099] is not eligible for getting processed by all BeanPostProcessors (for example: not eligible for auto-proxying)
2017-10-30 14:34:11.007  INFO [-,,,] 23700 --- [main] trationDelegate$BeanPostProcessorChecker : Bean 'org.springframework.cloud.sleuth.annotation.SleuthAnnotationAutoConfiguration' of type [org.springframework.cloud.sleuth.annotation.SleuthAnnotationAutoConfiguration$$EnhancerBySpringCGLIB$$2266908] is not eligible for getting processed by all BeanPostProcessors (for example: not eligible for auto-proxying)
2017-10-30 14:34:11.163  INFO [-,,,] 23700 --- [main] trationDelegate$BeanPostProcessorChecker : Bean 'sleuthAdvisorConfig' of type [org.springframework.cloud.sleuth.annotation.SleuthAdvisorConfig] is not eligible for getting processed by all BeanPostProcessors (for example: not eligible for auto-proxying)
2017-10-30 14:34:11.168  INFO [-,,,] 23700 --- [main] trationDelegate$BeanPostProcessorChecker : Bean 'org.springframework.cloud.autoconfigure.ConfigurationPropertiesRebinderAutoConfiguration' of type [org.springframework.cloud.autoconfigure.ConfigurationPropertiesRebinderAutoConfiguration$$EnhancerBySpringCGLIB$$1bdb25d3] is not eligible for getting processed by all BeanPostProcessors (for example: not eligible for auto-proxying)
2017-10-30 14:34:11.198  INFO [-,,,] 23700 --- [main] trationDelegate$BeanPostProcessorChecker : Bean 'org.springframework.cloud.sleuth.instrument.async.AsyncDefaultAutoConfiguration' of type [org.springframework.cloud.sleuth.instrument.async.AsyncDefaultAutoConfiguration$$EnhancerBySpringCGLIB$$e7a4cef5] is not eligible for getting processed by all BeanPostProcessors (for example: not eligible for auto-proxying)
2017-10-30 14:34:11.612  INFO [-,,,] 23700 --- [main] s.b.c.e.t.TomcatEmbeddedServletContainer : Tomcat initialized with port(s): 8083 (http)
2017-10-30 14:34:11.621  INFO [-,,,] 23700 --- [main] o.apache.catalina.core.StandardService   : Starting service [Tomcat]
2017-10-30 14:34:11.622  INFO [-,,,] 23700 --- [main] org.apache.catalina.core.StandardEngine  : Starting Servlet Engine: Apache Tomcat/8.5.23
2017-10-30 14:34:11.738  INFO [-,,,] 23700 --- [localhost-startStop-1] o.a.c.c.C.[Tomcat].[localhost].[/]       : Initializing Spring embedded WebApplicationContext
2017-10-30 14:34:11.738  INFO [-,,,] 23700 --- [localhost-startStop-1] o.s.web.context.ContextLoader            : Root WebApplicationContext: initialization completed in 1299 ms
2017-10-30 14:34:12.058  INFO [-,,,] 23700 --- [localhost-startStop-1] o.s.b.w.servlet.FilterRegistrationBean   : Mapping filter: 'characterEncodingFilter' to: [/*]
2017-10-30 14:34:12.058  INFO [-,,,] 23700 --- [localhost-startStop-1] o.s.b.w.servlet.FilterRegistrationBean   : Mapping filter: 'traceFilter' to: [/*]
2017-10-30 14:34:12.058  INFO [-,,,] 23700 --- [localhost-startStop-1] o.s.b.w.servlet.FilterRegistrationBean   : Mapping filter: 'hiddenHttpMethodFilter' to: [/*]
2017-10-30 14:34:12.058  INFO [-,,,] 23700 --- [localhost-startStop-1] o.s.b.w.servlet.FilterRegistrationBean   : Mapping filter: 'httpPutFormContentFilter' to: [/*]
2017-10-30 14:34:12.059  INFO [-,,,] 23700 --- [localhost-startStop-1] o.s.b.w.servlet.FilterRegistrationBean   : Mapping filter: 'requestContextFilter' to: [/*]
2017-10-30 14:34:12.059  INFO [-,,,] 23700 --- [localhost-startStop-1] o.s.b.w.servlet.ServletRegistrationBean  : Mapping servlet: 'dispatcherServlet' to [/]
2017-10-30 14:34:12.980  INFO [-,,,] 23700 --- [main] s.w.s.m.m.a.RequestMappingHandlerAdapter : Looking for @ControllerAdvice: org.springframework.boot.context.embedded.AnnotationConfigEmbeddedWebApplicationContext@7862f56: startup date [Mon Oct 30 14:34:10 CST 2017]; parent: org.springframework.context.annotation.AnnotationConfigApplicationContext@75f32542
2017-10-30 14:34:13.147  INFO [-,,,] 23700 --- [main] s.w.s.m.m.a.RequestMappingHandlerMapping : Mapped "{[/userinfo],methods=[GET]}" onto public com.apiguild.model.UserInfo com.apiguild.controller.InfoApi.getUserInfo()
2017-10-30 14:34:13.149  INFO [-,,,] 23700 --- [main] s.w.s.m.m.a.RequestMappingHandlerMapping : Mapped "{[/error]}" onto public org.springframework.http.ResponseEntity<java.util.Map<java.lang.String, java.lang.Object>> org.springframework.boot.autoconfigure.web.BasicErrorController.error(javax.servlet.http.HttpServletRequest)
2017-10-30 14:34:13.150  INFO [-,,,] 23700 --- [main] s.w.s.m.m.a.RequestMappingHandlerMapping : Mapped "{[/error],produces=[text/html]}" onto public org.springframework.web.servlet.ModelAndView org.springframework.boot.autoconfigure.web.BasicErrorController.errorHtml(javax.servlet.http.HttpServletRequest,javax.servlet.http.HttpServletResponse)
2017-10-30 14:34:13.265  INFO [-,,,] 23700 --- [main] o.s.w.s.handler.SimpleUrlHandlerMapping  : Mapped URL path [/webjars/**] onto handler of type [class org.springframework.web.servlet.resource.ResourceHttpRequestHandler]
2017-10-30 14:34:13.265  INFO [-,,,] 23700 --- [main] o.s.w.s.handler.SimpleUrlHandlerMapping  : Mapped URL path [/**] onto handler of type [class org.springframework.web.servlet.resource.ResourceHttpRequestHandler]
2017-10-30 14:34:13.332  INFO [-,,,] 23700 --- [main] o.s.w.s.handler.SimpleUrlHandlerMapping  : Mapped URL path [/**/favicon.ico] onto handler of type [class org.springframework.web.servlet.resource.ResourceHttpRequestHandler]
2017-10-30 14:34:13.825  INFO [-,,,] 23700 --- [main] o.s.s.c.ThreadPoolTaskScheduler          : Initializing ExecutorService 
2017-10-30 14:34:13.923  INFO [-,,,] 23700 --- [main] o.s.j.e.a.AnnotationMBeanExporter        : Registering beans for JMX exposure on startup
2017-10-30 14:34:13.932  INFO [-,,,] 23700 --- [main] o.s.j.e.a.AnnotationMBeanExporter        : Bean with name 'configurationPropertiesRebinder' has been autodetected for JMX exposure
2017-10-30 14:34:13.933  INFO [-,,,] 23700 --- [main] o.s.j.e.a.AnnotationMBeanExporter        : Bean with name 'environmentManager' has been autodetected for JMX exposure
2017-10-30 14:34:13.934  INFO [-,,,] 23700 --- [main] o.s.j.e.a.AnnotationMBeanExporter        : Bean with name 'refreshScope' has been autodetected for JMX exposure
2017-10-30 14:34:13.936  INFO [-,,,] 23700 --- [main] o.s.j.e.a.AnnotationMBeanExporter        : Located managed bean 'environmentManager': registering with JMX server as MBean [org.springframework.cloud.context.environment:name=environmentManager,type=EnvironmentManager]
2017-10-30 14:34:13.945  INFO [-,,,] 23700 --- [main] o.s.j.e.a.AnnotationMBeanExporter        : Located managed bean 'refreshScope': registering with JMX server as MBean [org.springframework.cloud.context.scope.refresh:name=refreshScope,type=RefreshScope]
2017-10-30 14:34:13.952  INFO [-,,,] 23700 --- [main] o.s.j.e.a.AnnotationMBeanExporter        : Located managed bean 'configurationPropertiesRebinder': registering with JMX server as MBean [org.springframework.cloud.context.properties:name=configurationPropertiesRebinder,context=7862f56,type=ConfigurationPropertiesRebinder]
2017-10-30 14:34:14.051  INFO [-,,,] 23700 --- [main] s.b.c.e.t.TomcatEmbeddedServletContainer : Tomcat started on port(s): 8083 (http)
2017-10-30 14:34:14.055  INFO [-,,,] 23700 --- [main] com.apiguild.InfoApiApplication          : Started InfoApiApplication in 5.011 seconds (JVM running for 5.365)
2017-10-30 14:34:27.645  INFO [-,,,] 23700 --- [http-nio-8083-exec-1] o.a.c.c.C.[Tomcat].[localhost].[/]       : Initializing Spring FrameworkServlet 'dispatcherServlet'
2017-10-30 14:34:27.645  INFO [-,,,] 23700 --- [http-nio-8083-exec-1] o.s.web.servlet.DispatcherServlet        : FrameworkServlet 'dispatcherServlet': initialization started
2017-10-30 14:34:27.685  INFO [-,,,] 23700 --- [http-nio-8083-exec-1] o.s.web.servlet.DispatcherServlet        : FrameworkServlet 'dispatcherServlet': initialization completed in 40 ms
2017-10-30 14:34:27.710  INFO [-,58ebd6c9d300a341,58ebd6c9d300a341,true] 23700 --- [http-nio-8083-exec-1] com.apiguild.controller.InfoApi          : userName: idolice ,age is: 18
2017-10-30 14:35:27.916  INFO [-,,,] 23700 --- [Thread-6] ationConfigEmbeddedWebApplicationContext : Closing org.springframework.boot.context.embedded.AnnotationConfigEmbeddedWebApplicationContext@7862f56: startup date [Mon Oct 30 14:34:10 CST 2017]; parent: org.springframework.context.annotation.AnnotationConfigApplicationContext@75f32542
2017-10-30 14:35:27.971  INFO [-,,,] 23700 --- [Thread-6] o.s.j.e.a.AnnotationMBeanExporter        : Unregistering JMX-exposed beans on shutdown
2017-10-30 14:35:27.971  INFO [-,,,] 23700 --- [Thread-6] o.s.j.e.a.AnnotationMBeanExporter        : Unregistering JMX-exposed beans
2017-10-30 14:35:30.725  INFO [hello-service,,,] 24488 --- [main] com.apiguild.InfoApiApplication          : No active profile set, falling back to default profiles: default
2017-10-30 14:35:30.736  INFO [hello-service,,,] 24488 --- [main] ationConfigEmbeddedWebApplicationContext : Refreshing org.springframework.boot.context.embedded.AnnotationConfigEmbeddedWebApplicationContext@149dd36b: startup date [Mon Oct 30 14:35:30 CST 2017]; parent: org.springframework.context.annotation.AnnotationConfigApplicationContext@75f32542
2017-10-30 14:35:31.210  INFO [hello-service,,,] 24488 --- [main] o.s.cloud.context.scope.GenericScope     : BeanFactory id=87eaffc0-cdfc-33ab-b05e-95ea0d8a4115
2017-10-30 14:35:31.273  INFO [hello-service,,,] 24488 --- [main] trationDelegate$BeanPostProcessorChecker : Bean 'org.springframework.cloud.sleuth.instrument.async.AsyncDefaultAutoConfiguration$DefaultAsyncConfigurerSupport' of type [org.springframework.cloud.sleuth.instrument.async.AsyncDefaultAutoConfiguration$DefaultAsyncConfigurerSupport$$EnhancerBySpringCGLIB$$74977435] is not eligible for getting processed by all BeanPostProcessors (for example: not eligible for auto-proxying)
2017-10-30 14:35:31.334  INFO [hello-service,,,] 24488 --- [main] trationDelegate$BeanPostProcessorChecker : Bean 'org.springframework.cloud.sleuth.annotation.SleuthAnnotationAutoConfiguration' of type [org.springframework.cloud.sleuth.annotation.SleuthAnnotationAutoConfiguration$$EnhancerBySpringCGLIB$$39bb1ca4] is not eligible for getting processed by all BeanPostProcessors (for example: not eligible for auto-proxying)
2017-10-30 14:35:31.504  INFO [hello-service,,,] 24488 --- [main] trationDelegate$BeanPostProcessorChecker : Bean 'sleuthAdvisorConfig' of type [org.springframework.cloud.sleuth.annotation.SleuthAdvisorConfig] is not eligible for getting processed by all BeanPostProcessors (for example: not eligible for auto-proxying)
2017-10-30 14:35:31.509  INFO [hello-service,,,] 24488 --- [main] trationDelegate$BeanPostProcessorChecker : Bean 'org.springframework.cloud.autoconfigure.ConfigurationPropertiesRebinderAutoConfiguration' of type [org.springframework.cloud.autoconfigure.ConfigurationPropertiesRebinderAutoConfiguration$$EnhancerBySpringCGLIB$$536fd96f] is not eligible for getting processed by all BeanPostProcessors (for example: not eligible for auto-proxying)
2017-10-30 14:35:31.534  INFO [hello-service,,,] 24488 --- [main] trationDelegate$BeanPostProcessorChecker : Bean 'org.springframework.cloud.sleuth.instrument.async.AsyncDefaultAutoConfiguration' of type [org.springframework.cloud.sleuth.instrument.async.AsyncDefaultAutoConfiguration$$EnhancerBySpringCGLIB$$1f398291] is not eligible for getting processed by all BeanPostProcessors (for example: not eligible for auto-proxying)
2017-10-30 14:35:31.989  INFO [hello-service,,,] 24488 --- [main] s.b.c.e.t.TomcatEmbeddedServletContainer : Tomcat initialized with port(s): 8083 (http)
2017-10-30 14:35:31.999  INFO [hello-service,,,] 24488 --- [main] o.apache.catalina.core.StandardService   : Starting service [Tomcat]
2017-10-30 14:35:32.001  INFO [hello-service,,,] 24488 --- [main] org.apache.catalina.core.StandardEngine  : Starting Servlet Engine: Apache Tomcat/8.5.23
2017-10-30 14:35:32.098  INFO [hello-service,,,] 24488 --- [localhost-startStop-1] o.a.c.c.C.[Tomcat].[localhost].[/]       : Initializing Spring embedded WebApplicationContext
2017-10-30 14:35:32.099  INFO [hello-service,,,] 24488 --- [localhost-startStop-1] o.s.web.context.ContextLoader            : Root WebApplicationContext: initialization completed in 1362 ms
2017-10-30 14:35:32.437  INFO [hello-service,,,] 24488 --- [localhost-startStop-1] o.s.b.w.servlet.FilterRegistrationBean   : Mapping filter: 'characterEncodingFilter' to: [/*]
2017-10-30 14:35:32.438  INFO [hello-service,,,] 24488 --- [localhost-startStop-1] o.s.b.w.servlet.FilterRegistrationBean   : Mapping filter: 'traceFilter' to: [/*]
2017-10-30 14:35:32.439  INFO [hello-service,,,] 24488 --- [localhost-startStop-1] o.s.b.w.servlet.FilterRegistrationBean   : Mapping filter: 'hiddenHttpMethodFilter' to: [/*]
2017-10-30 14:35:32.439  INFO [hello-service,,,] 24488 --- [localhost-startStop-1] o.s.b.w.servlet.FilterRegistrationBean   : Mapping filter: 'httpPutFormContentFilter' to: [/*]
2017-10-30 14:35:32.439  INFO [hello-service,,,] 24488 --- [localhost-startStop-1] o.s.b.w.servlet.FilterRegistrationBean   : Mapping filter: 'requestContextFilter' to: [/*]
2017-10-30 14:35:32.439  INFO [hello-service,,,] 24488 --- [localhost-startStop-1] o.s.b.w.servlet.ServletRegistrationBean  : Mapping servlet: 'dispatcherServlet' to [/]
2017-10-30 14:35:33.355  INFO [hello-service,,,] 24488 --- [main] s.w.s.m.m.a.RequestMappingHandlerAdapter : Looking for @ControllerAdvice: org.springframework.boot.context.embedded.AnnotationConfigEmbeddedWebApplicationContext@149dd36b: startup date [Mon Oct 30 14:35:30 CST 2017]; parent: org.springframework.context.annotation.AnnotationConfigApplicationContext@75f32542
2017-10-30 14:35:33.514  INFO [hello-service,,,] 24488 --- [main] s.w.s.m.m.a.RequestMappingHandlerMapping : Mapped "{[/userinfo],methods=[GET]}" onto public com.apiguild.model.UserInfo com.apiguild.controller.InfoApi.getUserInfo()
2017-10-30 14:35:33.518  INFO [hello-service,,,] 24488 --- [main] s.w.s.m.m.a.RequestMappingHandlerMapping : Mapped "{[/error]}" onto public org.springframework.http.ResponseEntity<java.util.Map<java.lang.String, java.lang.Object>> org.springframework.boot.autoconfigure.web.BasicErrorController.error(javax.servlet.http.HttpServletRequest)
2017-10-30 14:35:33.518  INFO [hello-service,,,] 24488 --- [main] s.w.s.m.m.a.RequestMappingHandlerMapping : Mapped "{[/error],produces=[text/html]}" onto public org.springframework.web.servlet.ModelAndView org.springframework.boot.autoconfigure.web.BasicErrorController.errorHtml(javax.servlet.http.HttpServletRequest,javax.servlet.http.HttpServletResponse)
2017-10-30 14:35:33.671  INFO [hello-service,,,] 24488 --- [main] o.s.w.s.handler.SimpleUrlHandlerMapping  : Mapped URL path [/webjars/**] onto handler of type [class org.springframework.web.servlet.resource.ResourceHttpRequestHandler]
2017-10-30 14:35:33.671  INFO [hello-service,,,] 24488 --- [main] o.s.w.s.handler.SimpleUrlHandlerMapping  : Mapped URL path [/**] onto handler of type [class org.springframework.web.servlet.resource.ResourceHttpRequestHandler]
2017-10-30 14:35:33.740  INFO [hello-service,,,] 24488 --- [main] o.s.w.s.handler.SimpleUrlHandlerMapping  : Mapped URL path [/**/favicon.ico] onto handler of type [class org.springframework.web.servlet.resource.ResourceHttpRequestHandler]
2017-10-30 14:35:34.214  INFO [hello-service,,,] 24488 --- [main] o.s.s.c.ThreadPoolTaskScheduler          : Initializing ExecutorService 
2017-10-30 14:35:34.306  INFO [hello-service,,,] 24488 --- [main] o.s.j.e.a.AnnotationMBeanExporter        : Registering beans for JMX exposure on startup
2017-10-30 14:35:34.314  INFO [hello-service,,,] 24488 --- [main] o.s.j.e.a.AnnotationMBeanExporter        : Bean with name 'configurationPropertiesRebinder' has been autodetected for JMX exposure
2017-10-30 14:35:34.314  INFO [hello-service,,,] 24488 --- [main] o.s.j.e.a.AnnotationMBeanExporter        : Bean with name 'environmentManager' has been autodetected for JMX exposure
2017-10-30 14:35:34.315  INFO [hello-service,,,] 24488 --- [main] o.s.j.e.a.AnnotationMBeanExporter        : Bean with name 'refreshScope' has been autodetected for JMX exposure
2017-10-30 14:35:34.317  INFO [hello-service,,,] 24488 --- [main] o.s.j.e.a.AnnotationMBeanExporter        : Located managed bean 'environmentManager': registering with JMX server as MBean [org.springframework.cloud.context.environment:name=environmentManager,type=EnvironmentManager]
2017-10-30 14:35:34.325  INFO [hello-service,,,] 24488 --- [main] o.s.j.e.a.AnnotationMBeanExporter        : Located managed bean 'refreshScope': registering with JMX server as MBean [org.springframework.cloud.context.scope.refresh:name=refreshScope,type=RefreshScope]
2017-10-30 14:35:34.331  INFO [hello-service,,,] 24488 --- [main] o.s.j.e.a.AnnotationMBeanExporter        : Located managed bean 'configurationPropertiesRebinder': registering with JMX server as MBean [org.springframework.cloud.context.properties:name=configurationPropertiesRebinder,context=149dd36b,type=ConfigurationPropertiesRebinder]
2017-10-30 14:35:34.418  INFO [hello-service,,,] 24488 --- [main] s.b.c.e.t.TomcatEmbeddedServletContainer : Tomcat started on port(s): 8083 (http)
2017-10-30 14:35:34.422  INFO [hello-service,,,] 24488 --- [main] com.apiguild.InfoApiApplication          : Started InfoApiApplication in 5.092 seconds (JVM running for 5.52)
2017-10-30 14:35:44.095  INFO [hello-service,,,] 24488 --- [http-nio-8083-exec-1] o.a.c.c.C.[Tomcat].[localhost].[/]       : Initializing Spring FrameworkServlet 'dispatcherServlet'
2017-10-30 14:35:44.095  INFO [hello-service,,,] 24488 --- [http-nio-8083-exec-1] o.s.web.servlet.DispatcherServlet        : FrameworkServlet 'dispatcherServlet': initialization started
2017-10-30 14:35:44.134  INFO [hello-service,,,] 24488 --- [http-nio-8083-exec-1] o.s.web.servlet.DispatcherServlet        : FrameworkServlet 'dispatcherServlet': initialization completed in 39 ms
2017-10-30 14:35:44.161  INFO [hello-service,b63514c2f30babb3,b63514c2f30babb3,true] 24488 --- [http-nio-8083-exec-1] com.apiguild.controller.InfoApi          : userName: idolice ,age is: 18
2017-10-30 14:36:16.381  INFO [hello-service,,,] 24488 --- [Thread-6] ationConfigEmbeddedWebApplicationContext : Closing org.springframework.boot.context.embedded.AnnotationConfigEmbeddedWebApplicationContext@149dd36b: startup date [Mon Oct 30 14:35:30 CST 2017]; parent: org.springframework.context.annotation.AnnotationConfigApplicationContext@75f32542
