2017-10-24 17:04:42.659  INFO [user-service,,,] 42764 --- [main] com.apiguild.UserApiApplication          : No active profile set, falling back to default profiles: default
2017-10-24 17:04:42.672  INFO [user-service,,,] 42764 --- [main] ationConfigEmbeddedWebApplicationContext : Refreshing org.springframework.boot.context.embedded.AnnotationConfigEmbeddedWebApplicationContext@22d7b4f8: startup date [Tue Oct 24 17:04:42 CST 2017]; parent: org.springframework.context.annotation.AnnotationConfigApplicationContext@5af3afd9
2017-10-24 17:04:43.092  INFO [user-service,,,] 42764 --- [main] o.s.cloud.context.scope.GenericScope     : BeanFactory id=b739bbe0-641c-3cdb-9f16-d6f15ac91798
2017-10-24 17:04:43.148  INFO [user-service,,,] 42764 --- [main] trationDelegate$BeanPostProcessorChecker : Bean 'org.springframework.cloud.sleuth.instrument.async.AsyncDefaultAutoConfiguration$DefaultAsyncConfigurerSupport' of type [org.springframework.cloud.sleuth.instrument.async.AsyncDefaultAutoConfiguration$DefaultAsyncConfigurerSupport$$EnhancerBySpringCGLIB$$67400e16] is not eligible for getting processed by all BeanPostProcessors (for example: not eligible for auto-proxying)
2017-10-24 17:04:43.204  INFO [user-service,,,] 42764 --- [main] trationDelegate$BeanPostProcessorChecker : Bean 'org.springframework.cloud.sleuth.annotation.SleuthAnnotationAutoConfiguration' of type [org.springframework.cloud.sleuth.annotation.SleuthAnnotationAutoConfiguration$$EnhancerBySpringCGLIB$$2c63b685] is not eligible for getting processed by all BeanPostProcessors (for example: not eligible for auto-proxying)
2017-10-24 17:04:43.360  INFO [user-service,,,] 42764 --- [main] trationDelegate$BeanPostProcessorChecker : Bean 'sleuthAdvisorConfig' of type [org.springframework.cloud.sleuth.annotation.SleuthAdvisorConfig] is not eligible for getting processed by all BeanPostProcessors (for example: not eligible for auto-proxying)
2017-10-24 17:04:43.363  INFO [user-service,,,] 42764 --- [main] trationDelegate$BeanPostProcessorChecker : Bean 'org.springframework.cloud.autoconfigure.ConfigurationPropertiesRebinderAutoConfiguration' of type [org.springframework.cloud.autoconfigure.ConfigurationPropertiesRebinderAutoConfiguration$$EnhancerBySpringCGLIB$$46187350] is not eligible for getting processed by all BeanPostProcessors (for example: not eligible for auto-proxying)
2017-10-24 17:04:43.381  INFO [user-service,,,] 42764 --- [main] trationDelegate$BeanPostProcessorChecker : Bean 'org.springframework.cloud.sleuth.instrument.async.AsyncDefaultAutoConfiguration' of type [org.springframework.cloud.sleuth.instrument.async.AsyncDefaultAutoConfiguration$$EnhancerBySpringCGLIB$$11e21c72] is not eligible for getting processed by all BeanPostProcessors (for example: not eligible for auto-proxying)
2017-10-24 17:04:43.808  INFO [user-service,,,] 42764 --- [main] s.b.c.e.t.TomcatEmbeddedServletContainer : Tomcat initialized with port(s): 8081 (http)
2017-10-24 17:04:43.818  INFO [user-service,,,] 42764 --- [main] o.apache.catalina.core.StandardService   : Starting service [Tomcat]
2017-10-24 17:04:43.819  INFO [user-service,,,] 42764 --- [main] org.apache.catalina.core.StandardEngine  : Starting Servlet Engine: Apache Tomcat/8.5.23
2017-10-24 17:04:43.899  INFO [user-service,,,] 42764 --- [localhost-startStop-1] o.a.c.c.C.[Tomcat].[localhost].[/]       : Initializing Spring embedded WebApplicationContext
2017-10-24 17:04:43.899  INFO [user-service,,,] 42764 --- [localhost-startStop-1] o.s.web.context.ContextLoader            : Root WebApplicationContext: initialization completed in 1229 ms
2017-10-24 17:04:44.240  INFO [user-service,,,] 42764 --- [localhost-startStop-1] o.s.b.w.servlet.FilterRegistrationBean   : Mapping filter: 'characterEncodingFilter' to: [/*]
2017-10-24 17:04:44.241  INFO [user-service,,,] 42764 --- [localhost-startStop-1] o.s.b.w.servlet.FilterRegistrationBean   : Mapping filter: 'traceFilter' to: [/*]
2017-10-24 17:04:44.241  INFO [user-service,,,] 42764 --- [localhost-startStop-1] o.s.b.w.servlet.FilterRegistrationBean   : Mapping filter: 'hiddenHttpMethodFilter' to: [/*]
2017-10-24 17:04:44.241  INFO [user-service,,,] 42764 --- [localhost-startStop-1] o.s.b.w.servlet.FilterRegistrationBean   : Mapping filter: 'httpPutFormContentFilter' to: [/*]
2017-10-24 17:04:44.241  INFO [user-service,,,] 42764 --- [localhost-startStop-1] o.s.b.w.servlet.FilterRegistrationBean   : Mapping filter: 'requestContextFilter' to: [/*]
2017-10-24 17:04:44.242  INFO [user-service,,,] 42764 --- [localhost-startStop-1] o.s.b.w.servlet.ServletRegistrationBean  : Mapping servlet: 'dispatcherServlet' to [/]
2017-10-24 17:04:45.199  INFO [user-service,,,] 42764 --- [main] s.w.s.m.m.a.RequestMappingHandlerAdapter : Looking for @ControllerAdvice: org.springframework.boot.context.embedded.AnnotationConfigEmbeddedWebApplicationContext@22d7b4f8: startup date [Tue Oct 24 17:04:42 CST 2017]; parent: org.springframework.context.annotation.AnnotationConfigApplicationContext@5af3afd9
2017-10-24 17:04:45.338  INFO [user-service,,,] 42764 --- [main] s.w.s.m.m.a.RequestMappingHandlerMapping : Mapped "{[/name],methods=[GET]}" onto public java.lang.String com.apiguild.controller.UserApi.getName()
2017-10-24 17:04:45.341  INFO [user-service,,,] 42764 --- [main] s.w.s.m.m.a.RequestMappingHandlerMapping : Mapped "{[/error]}" onto public org.springframework.http.ResponseEntity<java.util.Map<java.lang.String, java.lang.Object>> org.springframework.boot.autoconfigure.web.BasicErrorController.error(javax.servlet.http.HttpServletRequest)
2017-10-24 17:04:45.341  INFO [user-service,,,] 42764 --- [main] s.w.s.m.m.a.RequestMappingHandlerMapping : Mapped "{[/error],produces=[text/html]}" onto public org.springframework.web.servlet.ModelAndView org.springframework.boot.autoconfigure.web.BasicErrorController.errorHtml(javax.servlet.http.HttpServletRequest,javax.servlet.http.HttpServletResponse)
2017-10-24 17:04:45.448  INFO [user-service,,,] 42764 --- [main] o.s.w.s.handler.SimpleUrlHandlerMapping  : Mapped URL path [/webjars/**] onto handler of type [class org.springframework.web.servlet.resource.ResourceHttpRequestHandler]
2017-10-24 17:04:45.448  INFO [user-service,,,] 42764 --- [main] o.s.w.s.handler.SimpleUrlHandlerMapping  : Mapped URL path [/**] onto handler of type [class org.springframework.web.servlet.resource.ResourceHttpRequestHandler]
2017-10-24 17:04:45.514  INFO [user-service,,,] 42764 --- [main] o.s.w.s.handler.SimpleUrlHandlerMapping  : Mapped URL path [/**/favicon.ico] onto handler of type [class org.springframework.web.servlet.resource.ResourceHttpRequestHandler]
2017-10-24 17:04:46.040  INFO [user-service,,,] 42764 --- [main] o.s.s.c.ThreadPoolTaskScheduler          : Initializing ExecutorService 
2017-10-24 17:04:46.139  INFO [user-service,,,] 42764 --- [main] o.s.j.e.a.AnnotationMBeanExporter        : Registering beans for JMX exposure on startup
2017-10-24 17:04:46.149  INFO [user-service,,,] 42764 --- [main] o.s.j.e.a.AnnotationMBeanExporter        : Bean with name 'configurationPropertiesRebinder' has been autodetected for JMX exposure
2017-10-24 17:04:46.150  INFO [user-service,,,] 42764 --- [main] o.s.j.e.a.AnnotationMBeanExporter        : Bean with name 'environmentManager' has been autodetected for JMX exposure
2017-10-24 17:04:46.151  INFO [user-service,,,] 42764 --- [main] o.s.j.e.a.AnnotationMBeanExporter        : Bean with name 'refreshScope' has been autodetected for JMX exposure
2017-10-24 17:04:46.153  INFO [user-service,,,] 42764 --- [main] o.s.j.e.a.AnnotationMBeanExporter        : Located managed bean 'environmentManager': registering with JMX server as MBean [org.springframework.cloud.context.environment:name=environmentManager,type=EnvironmentManager]
2017-10-24 17:04:46.163  INFO [user-service,,,] 42764 --- [main] o.s.j.e.a.AnnotationMBeanExporter        : Located managed bean 'refreshScope': registering with JMX server as MBean [org.springframework.cloud.context.scope.refresh:name=refreshScope,type=RefreshScope]
2017-10-24 17:04:46.169  INFO [user-service,,,] 42764 --- [main] o.s.j.e.a.AnnotationMBeanExporter        : Located managed bean 'configurationPropertiesRebinder': registering with JMX server as MBean [org.springframework.cloud.context.properties:name=configurationPropertiesRebinder,context=22d7b4f8,type=ConfigurationPropertiesRebinder]
2017-10-24 17:04:46.263  INFO [user-service,,,] 42764 --- [main] s.b.c.e.t.TomcatEmbeddedServletContainer : Tomcat started on port(s): 8081 (http)
2017-10-24 17:04:46.267  INFO [user-service,,,] 42764 --- [main] com.apiguild.UserApiApplication          : Started UserApiApplication in 4.791 seconds (JVM running for 5.075)
2017-10-24 17:04:52.750  INFO [user-service,,,] 42764 --- [http-nio-8081-exec-1] o.a.c.c.C.[Tomcat].[localhost].[/]       : Initializing Spring FrameworkServlet 'dispatcherServlet'
2017-10-24 17:04:52.751  INFO [user-service,,,] 42764 --- [http-nio-8081-exec-1] o.s.web.servlet.DispatcherServlet        : FrameworkServlet 'dispatcherServlet': initialization started
2017-10-24 17:04:52.792  INFO [user-service,,,] 42764 --- [http-nio-8081-exec-1] o.s.web.servlet.DispatcherServlet        : FrameworkServlet 'dispatcherServlet': initialization completed in 41 ms
2017-10-24 17:04:52.816  INFO [user-service,4542af088b1e7e57,4542af088b1e7e57,true] 42764 --- [http-nio-8081-exec-1] com.apiguild.controller.UserApi          : get info
2017-10-24 17:07:26.625  INFO [user-service,,,] 42764 --- [Thread-6] ationConfigEmbeddedWebApplicationContext : Closing org.springframework.boot.context.embedded.AnnotationConfigEmbeddedWebApplicationContext@22d7b4f8: startup date [Tue Oct 24 17:04:42 CST 2017]; parent: org.springframework.context.annotation.AnnotationConfigApplicationContext@5af3afd9
2017-10-24 17:07:27.371  INFO [user-service,,,] 42764 --- [Thread-6] o.s.j.e.a.AnnotationMBeanExporter        : Unregistering JMX-exposed beans on shutdown
2017-10-24 17:07:27.372  INFO [user-service,,,] 42764 --- [Thread-6] o.s.j.e.a.AnnotationMBeanExporter        : Unregistering JMX-exposed beans
2017-10-24 17:11:24.328  INFO [user-service,,,] 42934 --- [main] com.apiguild.UserApiApplication          : No active profile set, falling back to default profiles: default
2017-10-24 17:11:24.342  INFO [user-service,,,] 42934 --- [main] ationConfigEmbeddedWebApplicationContext : Refreshing org.springframework.boot.context.embedded.AnnotationConfigEmbeddedWebApplicationContext@33fe57a9: startup date [Tue Oct 24 17:11:24 CST 2017]; parent: org.springframework.context.annotation.AnnotationConfigApplicationContext@5af3afd9
2017-10-24 17:11:24.996  INFO [user-service,,,] 42934 --- [main] o.s.cloud.context.scope.GenericScope     : BeanFactory id=b739bbe0-641c-3cdb-9f16-d6f15ac91798
2017-10-24 17:11:25.092  INFO [user-service,,,] 42934 --- [main] trationDelegate$BeanPostProcessorChecker : Bean 'org.springframework.cloud.sleuth.instrument.async.AsyncDefaultAutoConfiguration$DefaultAsyncConfigurerSupport' of type [org.springframework.cloud.sleuth.instrument.async.AsyncDefaultAutoConfiguration$DefaultAsyncConfigurerSupport$$EnhancerBySpringCGLIB$$101c82ed] is not eligible for getting processed by all BeanPostProcessors (for example: not eligible for auto-proxying)
2017-10-24 17:11:25.234  INFO [user-service,,,] 42934 --- [main] trationDelegate$BeanPostProcessorChecker : Bean 'org.springframework.cloud.sleuth.annotation.SleuthAnnotationAutoConfiguration' of type [org.springframework.cloud.sleuth.annotation.SleuthAnnotationAutoConfiguration$$EnhancerBySpringCGLIB$$d5402b5c] is not eligible for getting processed by all BeanPostProcessors (for example: not eligible for auto-proxying)
2017-10-24 17:11:25.497  INFO [user-service,,,] 42934 --- [main] trationDelegate$BeanPostProcessorChecker : Bean 'sleuthAdvisorConfig' of type [org.springframework.cloud.sleuth.annotation.SleuthAdvisorConfig] is not eligible for getting processed by all BeanPostProcessors (for example: not eligible for auto-proxying)
2017-10-24 17:11:25.500  INFO [user-service,,,] 42934 --- [main] trationDelegate$BeanPostProcessorChecker : Bean 'org.springframework.cloud.autoconfigure.ConfigurationPropertiesRebinderAutoConfiguration' of type [org.springframework.cloud.autoconfigure.ConfigurationPropertiesRebinderAutoConfiguration$$EnhancerBySpringCGLIB$$eef4e827] is not eligible for getting processed by all BeanPostProcessors (for example: not eligible for auto-proxying)
2017-10-24 17:11:25.528  INFO [user-service,,,] 42934 --- [main] trationDelegate$BeanPostProcessorChecker : Bean 'org.springframework.cloud.sleuth.instrument.async.AsyncDefaultAutoConfiguration' of type [org.springframework.cloud.sleuth.instrument.async.AsyncDefaultAutoConfiguration$$EnhancerBySpringCGLIB$$babe9149] is not eligible for getting processed by all BeanPostProcessors (for example: not eligible for auto-proxying)
2017-10-24 17:11:26.251  INFO [user-service,,,] 42934 --- [main] s.b.c.e.t.TomcatEmbeddedServletContainer : Tomcat initialized with port(s): 8081 (http)
2017-10-24 17:11:26.265  INFO [user-service,,,] 42934 --- [main] o.apache.catalina.core.StandardService   : Starting service [Tomcat]
2017-10-24 17:11:26.267  INFO [user-service,,,] 42934 --- [main] org.apache.catalina.core.StandardEngine  : Starting Servlet Engine: Apache Tomcat/8.5.23
2017-10-24 17:11:26.410  INFO [user-service,,,] 42934 --- [localhost-startStop-1] o.a.c.c.C.[Tomcat].[localhost].[/]       : Initializing Spring embedded WebApplicationContext
2017-10-24 17:11:26.411  INFO [user-service,,,] 42934 --- [localhost-startStop-1] o.s.web.context.ContextLoader            : Root WebApplicationContext: initialization completed in 2069 ms
2017-10-24 17:11:26.918  INFO [user-service,,,] 42934 --- [localhost-startStop-1] o.s.b.w.servlet.FilterRegistrationBean   : Mapping filter: 'characterEncodingFilter' to: [/*]
2017-10-24 17:11:26.920  INFO [user-service,,,] 42934 --- [localhost-startStop-1] o.s.b.w.servlet.FilterRegistrationBean   : Mapping filter: 'traceFilter' to: [/*]
2017-10-24 17:11:26.920  INFO [user-service,,,] 42934 --- [localhost-startStop-1] o.s.b.w.servlet.FilterRegistrationBean   : Mapping filter: 'hiddenHttpMethodFilter' to: [/*]
2017-10-24 17:11:26.921  INFO [user-service,,,] 42934 --- [localhost-startStop-1] o.s.b.w.servlet.FilterRegistrationBean   : Mapping filter: 'httpPutFormContentFilter' to: [/*]
2017-10-24 17:11:26.921  INFO [user-service,,,] 42934 --- [localhost-startStop-1] o.s.b.w.servlet.FilterRegistrationBean   : Mapping filter: 'requestContextFilter' to: [/*]
2017-10-24 17:11:26.921  INFO [user-service,,,] 42934 --- [localhost-startStop-1] o.s.b.w.servlet.ServletRegistrationBean  : Mapping servlet: 'dispatcherServlet' to [/]
2017-10-24 17:11:28.289  INFO [user-service,,,] 42934 --- [main] s.w.s.m.m.a.RequestMappingHandlerAdapter : Looking for @ControllerAdvice: org.springframework.boot.context.embedded.AnnotationConfigEmbeddedWebApplicationContext@33fe57a9: startup date [Tue Oct 24 17:11:24 CST 2017]; parent: org.springframework.context.annotation.AnnotationConfigApplicationContext@5af3afd9
2017-10-24 17:11:28.524  INFO [user-service,,,] 42934 --- [main] s.w.s.m.m.a.RequestMappingHandlerMapping : Mapped "{[/name],methods=[GET]}" onto public java.lang.String com.apiguild.controller.UserApi.getName()
2017-10-24 17:11:28.529  INFO [user-service,,,] 42934 --- [main] s.w.s.m.m.a.RequestMappingHandlerMapping : Mapped "{[/error]}" onto public org.springframework.http.ResponseEntity<java.util.Map<java.lang.String, java.lang.Object>> org.springframework.boot.autoconfigure.web.BasicErrorController.error(javax.servlet.http.HttpServletRequest)
2017-10-24 17:11:28.530  INFO [user-service,,,] 42934 --- [main] s.w.s.m.m.a.RequestMappingHandlerMapping : Mapped "{[/error],produces=[text/html]}" onto public org.springframework.web.servlet.ModelAndView org.springframework.boot.autoconfigure.web.BasicErrorController.errorHtml(javax.servlet.http.HttpServletRequest,javax.servlet.http.HttpServletResponse)
2017-10-24 17:11:28.727  INFO [user-service,,,] 42934 --- [main] o.s.w.s.handler.SimpleUrlHandlerMapping  : Mapped URL path [/webjars/**] onto handler of type [class org.springframework.web.servlet.resource.ResourceHttpRequestHandler]
2017-10-24 17:11:28.727  INFO [user-service,,,] 42934 --- [main] o.s.w.s.handler.SimpleUrlHandlerMapping  : Mapped URL path [/**] onto handler of type [class org.springframework.web.servlet.resource.ResourceHttpRequestHandler]
2017-10-24 17:11:28.871  INFO [user-service,,,] 42934 --- [main] o.s.w.s.handler.SimpleUrlHandlerMapping  : Mapped URL path [/**/favicon.ico] onto handler of type [class org.springframework.web.servlet.resource.ResourceHttpRequestHandler]
2017-10-24 17:11:29.890  INFO [user-service,,,] 42934 --- [main] o.s.s.c.ThreadPoolTaskScheduler          : Initializing ExecutorService 
2017-10-24 17:11:30.046  INFO [user-service,,,] 42934 --- [main] o.s.j.e.a.AnnotationMBeanExporter        : Registering beans for JMX exposure on startup
2017-10-24 17:11:30.057  INFO [user-service,,,] 42934 --- [main] o.s.j.e.a.AnnotationMBeanExporter        : Bean with name 'configurationPropertiesRebinder' has been autodetected for JMX exposure
2017-10-24 17:11:30.058  INFO [user-service,,,] 42934 --- [main] o.s.j.e.a.AnnotationMBeanExporter        : Bean with name 'environmentManager' has been autodetected for JMX exposure
2017-10-24 17:11:30.059  INFO [user-service,,,] 42934 --- [main] o.s.j.e.a.AnnotationMBeanExporter        : Bean with name 'refreshScope' has been autodetected for JMX exposure
2017-10-24 17:11:30.062  INFO [user-service,,,] 42934 --- [main] o.s.j.e.a.AnnotationMBeanExporter        : Located managed bean 'environmentManager': registering with JMX server as MBean [org.springframework.cloud.context.environment:name=environmentManager,type=EnvironmentManager]
2017-10-24 17:11:30.073  INFO [user-service,,,] 42934 --- [main] o.s.j.e.a.AnnotationMBeanExporter        : Located managed bean 'refreshScope': registering with JMX server as MBean [org.springframework.cloud.context.scope.refresh:name=refreshScope,type=RefreshScope]
2017-10-24 17:11:30.081  INFO [user-service,,,] 42934 --- [main] o.s.j.e.a.AnnotationMBeanExporter        : Located managed bean 'configurationPropertiesRebinder': registering with JMX server as MBean [org.springframework.cloud.context.properties:name=configurationPropertiesRebinder,context=33fe57a9,type=ConfigurationPropertiesRebinder]
2017-10-24 17:11:30.228  INFO [user-service,,,] 42934 --- [main] s.b.c.e.t.TomcatEmbeddedServletContainer : Tomcat started on port(s): 8081 (http)
2017-10-24 17:11:30.234  INFO [user-service,,,] 42934 --- [main] com.apiguild.UserApiApplication          : Started UserApiApplication in 7.405 seconds (JVM running for 7.859)
2017-10-24 17:15:20.681  INFO [user-service,,,] 42934 --- [http-nio-8081-exec-1] o.a.c.c.C.[Tomcat].[localhost].[/]       : Initializing Spring FrameworkServlet 'dispatcherServlet'
2017-10-24 17:15:20.682  INFO [user-service,,,] 42934 --- [http-nio-8081-exec-1] o.s.web.servlet.DispatcherServlet        : FrameworkServlet 'dispatcherServlet': initialization started
2017-10-24 17:15:20.729  INFO [user-service,,,] 42934 --- [http-nio-8081-exec-1] o.s.web.servlet.DispatcherServlet        : FrameworkServlet 'dispatcherServlet': initialization completed in 47 ms
2017-10-24 17:15:20.756  INFO [user-service,11bafe0d89491a47,11bafe0d89491a47,true] 42934 --- [http-nio-8081-exec-1] com.apiguild.controller.UserApi          : get info
2017-10-24 17:20:40.303  INFO [user-service,c3c750503362b123,769bd3a64efab879,true] 42934 --- [http-nio-8081-exec-3] com.apiguild.controller.UserApi          : get info
2017-10-24 17:22:45.694  INFO [user-service,e3aea590ffa02e16,4ed8a72497baf9b6,true] 42934 --- [http-nio-8081-exec-5] com.apiguild.controller.UserApi          : get info
2017-10-24 17:24:35.068  INFO [user-service,,,] 42934 --- [Thread-6] ationConfigEmbeddedWebApplicationContext : Closing org.springframework.boot.context.embedded.AnnotationConfigEmbeddedWebApplicationContext@33fe57a9: startup date [Tue Oct 24 17:11:24 CST 2017]; parent: org.springframework.context.annotation.AnnotationConfigApplicationContext@5af3afd9
2017-10-24 17:24:35.992  INFO [user-service,,,] 42934 --- [Thread-6] o.s.j.e.a.AnnotationMBeanExporter        : Unregistering JMX-exposed beans on shutdown
2017-10-24 17:24:35.992  INFO [user-service,,,] 42934 --- [Thread-6] o.s.j.e.a.AnnotationMBeanExporter        : Unregistering JMX-exposed beans
2017-10-30 11:14:34.826  INFO [user-service,,,] 76961 --- [main] com.apiguild.UserApiApplication          : No active profile set, falling back to default profiles: default
2017-10-30 11:14:34.837  INFO [user-service,,,] 76961 --- [main] ationConfigEmbeddedWebApplicationContext : Refreshing org.springframework.boot.context.embedded.AnnotationConfigEmbeddedWebApplicationContext@149dd36b: startup date [Mon Oct 30 11:14:34 CST 2017]; parent: org.springframework.context.annotation.AnnotationConfigApplicationContext@5af3afd9
2017-10-30 11:14:35.264  INFO [user-service,,,] 76961 --- [main] o.s.cloud.context.scope.GenericScope     : BeanFactory id=b739bbe0-641c-3cdb-9f16-d6f15ac91798
2017-10-30 11:14:35.323  INFO [user-service,,,] 76961 --- [main] trationDelegate$BeanPostProcessorChecker : Bean 'org.springframework.cloud.sleuth.instrument.async.AsyncDefaultAutoConfiguration$DefaultAsyncConfigurerSupport' of type [org.springframework.cloud.sleuth.instrument.async.AsyncDefaultAutoConfiguration$DefaultAsyncConfigurerSupport$$EnhancerBySpringCGLIB$$67400e16] is not eligible for getting processed by all BeanPostProcessors (for example: not eligible for auto-proxying)
2017-10-30 11:14:35.381  INFO [user-service,,,] 76961 --- [main] trationDelegate$BeanPostProcessorChecker : Bean 'org.springframework.cloud.sleuth.annotation.SleuthAnnotationAutoConfiguration' of type [org.springframework.cloud.sleuth.annotation.SleuthAnnotationAutoConfiguration$$EnhancerBySpringCGLIB$$2c63b685] is not eligible for getting processed by all BeanPostProcessors (for example: not eligible for auto-proxying)
2017-10-30 11:14:35.534  INFO [user-service,,,] 76961 --- [main] trationDelegate$BeanPostProcessorChecker : Bean 'sleuthAdvisorConfig' of type [org.springframework.cloud.sleuth.annotation.SleuthAdvisorConfig] is not eligible for getting processed by all BeanPostProcessors (for example: not eligible for auto-proxying)
2017-10-30 11:14:35.536  INFO [user-service,,,] 76961 --- [main] trationDelegate$BeanPostProcessorChecker : Bean 'org.springframework.cloud.autoconfigure.ConfigurationPropertiesRebinderAutoConfiguration' of type [org.springframework.cloud.autoconfigure.ConfigurationPropertiesRebinderAutoConfiguration$$EnhancerBySpringCGLIB$$46187350] is not eligible for getting processed by all BeanPostProcessors (for example: not eligible for auto-proxying)
2017-10-30 11:14:35.553  INFO [user-service,,,] 76961 --- [main] trationDelegate$BeanPostProcessorChecker : Bean 'org.springframework.cloud.sleuth.instrument.async.AsyncDefaultAutoConfiguration' of type [org.springframework.cloud.sleuth.instrument.async.AsyncDefaultAutoConfiguration$$EnhancerBySpringCGLIB$$11e21c72] is not eligible for getting processed by all BeanPostProcessors (for example: not eligible for auto-proxying)
2017-10-30 11:14:35.985  INFO [user-service,,,] 76961 --- [main] s.b.c.e.t.TomcatEmbeddedServletContainer : Tomcat initialized with port(s): 8081 (http)
2017-10-30 11:14:35.995  INFO [user-service,,,] 76961 --- [main] o.apache.catalina.core.StandardService   : Starting service [Tomcat]
2017-10-30 11:14:35.996  INFO [user-service,,,] 76961 --- [main] org.apache.catalina.core.StandardEngine  : Starting Servlet Engine: Apache Tomcat/8.5.23
2017-10-30 11:14:36.081  INFO [user-service,,,] 76961 --- [localhost-startStop-1] o.a.c.c.C.[Tomcat].[localhost].[/]       : Initializing Spring embedded WebApplicationContext
2017-10-30 11:14:36.081  INFO [user-service,,,] 76961 --- [localhost-startStop-1] o.s.web.context.ContextLoader            : Root WebApplicationContext: initialization completed in 1244 ms
2017-10-30 11:14:36.430  INFO [user-service,,,] 76961 --- [localhost-startStop-1] o.s.b.w.servlet.FilterRegistrationBean   : Mapping filter: 'characterEncodingFilter' to: [/*]
2017-10-30 11:14:36.431  INFO [user-service,,,] 76961 --- [localhost-startStop-1] o.s.b.w.servlet.FilterRegistrationBean   : Mapping filter: 'traceFilter' to: [/*]
2017-10-30 11:14:36.431  INFO [user-service,,,] 76961 --- [localhost-startStop-1] o.s.b.w.servlet.FilterRegistrationBean   : Mapping filter: 'hiddenHttpMethodFilter' to: [/*]
2017-10-30 11:14:36.431  INFO [user-service,,,] 76961 --- [localhost-startStop-1] o.s.b.w.servlet.FilterRegistrationBean   : Mapping filter: 'httpPutFormContentFilter' to: [/*]
2017-10-30 11:14:36.431  INFO [user-service,,,] 76961 --- [localhost-startStop-1] o.s.b.w.servlet.FilterRegistrationBean   : Mapping filter: 'requestContextFilter' to: [/*]
2017-10-30 11:14:36.432  INFO [user-service,,,] 76961 --- [localhost-startStop-1] o.s.b.w.servlet.ServletRegistrationBean  : Mapping servlet: 'dispatcherServlet' to [/]
2017-10-30 11:14:37.374  INFO [user-service,,,] 76961 --- [main] s.w.s.m.m.a.RequestMappingHandlerAdapter : Looking for @ControllerAdvice: org.springframework.boot.context.embedded.AnnotationConfigEmbeddedWebApplicationContext@149dd36b: startup date [Mon Oct 30 11:14:34 CST 2017]; parent: org.springframework.context.annotation.AnnotationConfigApplicationContext@5af3afd9
2017-10-30 11:14:37.499  INFO [user-service,,,] 76961 --- [main] s.w.s.m.m.a.RequestMappingHandlerMapping : Mapped "{[/name],methods=[GET]}" onto public java.lang.String com.apiguild.controller.UserApi.getName()
2017-10-30 11:14:37.503  INFO [user-service,,,] 76961 --- [main] s.w.s.m.m.a.RequestMappingHandlerMapping : Mapped "{[/error]}" onto public org.springframework.http.ResponseEntity<java.util.Map<java.lang.String, java.lang.Object>> org.springframework.boot.autoconfigure.web.BasicErrorController.error(javax.servlet.http.HttpServletRequest)
2017-10-30 11:14:37.503  INFO [user-service,,,] 76961 --- [main] s.w.s.m.m.a.RequestMappingHandlerMapping : Mapped "{[/error],produces=[text/html]}" onto public org.springframework.web.servlet.ModelAndView org.springframework.boot.autoconfigure.web.BasicErrorController.errorHtml(javax.servlet.http.HttpServletRequest,javax.servlet.http.HttpServletResponse)
2017-10-30 11:14:37.611  INFO [user-service,,,] 76961 --- [main] o.s.w.s.handler.SimpleUrlHandlerMapping  : Mapped URL path [/webjars/**] onto handler of type [class org.springframework.web.servlet.resource.ResourceHttpRequestHandler]
2017-10-30 11:14:37.611  INFO [user-service,,,] 76961 --- [main] o.s.w.s.handler.SimpleUrlHandlerMapping  : Mapped URL path [/**] onto handler of type [class org.springframework.web.servlet.resource.ResourceHttpRequestHandler]
2017-10-30 11:14:37.682  INFO [user-service,,,] 76961 --- [main] o.s.w.s.handler.SimpleUrlHandlerMapping  : Mapped URL path [/**/favicon.ico] onto handler of type [class org.springframework.web.servlet.resource.ResourceHttpRequestHandler]
2017-10-30 11:14:38.207  INFO [user-service,,,] 76961 --- [main] o.s.s.c.ThreadPoolTaskScheduler          : Initializing ExecutorService 
2017-10-30 11:14:38.305  INFO [user-service,,,] 76961 --- [main] o.s.j.e.a.AnnotationMBeanExporter        : Registering beans for JMX exposure on startup
2017-10-30 11:14:38.313  INFO [user-service,,,] 76961 --- [main] o.s.j.e.a.AnnotationMBeanExporter        : Bean with name 'configurationPropertiesRebinder' has been autodetected for JMX exposure
2017-10-30 11:14:38.314  INFO [user-service,,,] 76961 --- [main] o.s.j.e.a.AnnotationMBeanExporter        : Bean with name 'environmentManager' has been autodetected for JMX exposure
2017-10-30 11:14:38.315  INFO [user-service,,,] 76961 --- [main] o.s.j.e.a.AnnotationMBeanExporter        : Bean with name 'refreshScope' has been autodetected for JMX exposure
2017-10-30 11:14:38.316  INFO [user-service,,,] 76961 --- [main] o.s.j.e.a.AnnotationMBeanExporter        : Located managed bean 'environmentManager': registering with JMX server as MBean [org.springframework.cloud.context.environment:name=environmentManager,type=EnvironmentManager]
2017-10-30 11:14:38.329  INFO [user-service,,,] 76961 --- [main] o.s.j.e.a.AnnotationMBeanExporter        : Located managed bean 'refreshScope': registering with JMX server as MBean [org.springframework.cloud.context.scope.refresh:name=refreshScope,type=RefreshScope]
2017-10-30 11:14:38.334  INFO [user-service,,,] 76961 --- [main] o.s.j.e.a.AnnotationMBeanExporter        : Located managed bean 'configurationPropertiesRebinder': registering with JMX server as MBean [org.springframework.cloud.context.properties:name=configurationPropertiesRebinder,context=149dd36b,type=ConfigurationPropertiesRebinder]
2017-10-30 11:14:38.426  INFO [user-service,,,] 76961 --- [main] s.b.c.e.t.TomcatEmbeddedServletContainer : Tomcat started on port(s): 8081 (http)
2017-10-30 11:14:38.430  INFO [user-service,,,] 76961 --- [main] com.apiguild.UserApiApplication          : Started UserApiApplication in 4.936 seconds (JVM running for 5.231)
2017-10-30 11:16:50.806  INFO [user-service,,,] 76961 --- [http-nio-8081-exec-1] o.a.c.c.C.[Tomcat].[localhost].[/]       : Initializing Spring FrameworkServlet 'dispatcherServlet'
2017-10-30 11:16:50.806  INFO [user-service,,,] 76961 --- [http-nio-8081-exec-1] o.s.web.servlet.DispatcherServlet        : FrameworkServlet 'dispatcherServlet': initialization started
2017-10-30 11:16:50.845  INFO [user-service,,,] 76961 --- [http-nio-8081-exec-1] o.s.web.servlet.DispatcherServlet        : FrameworkServlet 'dispatcherServlet': initialization completed in 39 ms
2017-10-30 11:16:50.871  INFO [user-service,bc948ef8284b3484,a2691c0250c0112b,true] 76961 --- [http-nio-8081-exec-1] com.apiguild.controller.UserApi          : get info
2017-10-30 13:52:56.980  INFO [user-service,,,] 76961 --- [Thread-6] ationConfigEmbeddedWebApplicationContext : Closing org.springframework.boot.context.embedded.AnnotationConfigEmbeddedWebApplicationContext@149dd36b: startup date [Mon Oct 30 11:14:34 CST 2017]; parent: org.springframework.context.annotation.AnnotationConfigApplicationContext@5af3afd9
2017-10-30 13:52:57.873  INFO [user-service,,,] 76961 --- [Thread-6] o.s.j.e.a.AnnotationMBeanExporter        : Unregistering JMX-exposed beans on shutdown
2017-10-30 13:52:57.874  INFO [user-service,,,] 76961 --- [Thread-6] o.s.j.e.a.AnnotationMBeanExporter        : Unregistering JMX-exposed beans
2017-10-30 15:13:29.566  INFO [user-service,,,] 43206 --- [main] com.apiguild.UserApiApplication          : No active profile set, falling back to default profiles: default
2017-10-30 15:13:29.581  INFO [user-service,,,] 43206 --- [main] ationConfigEmbeddedWebApplicationContext : Refreshing org.springframework.boot.context.embedded.AnnotationConfigEmbeddedWebApplicationContext@691939c9: startup date [Mon Oct 30 15:13:29 CST 2017]; parent: org.springframework.context.annotation.AnnotationConfigApplicationContext@4f18837a
2017-10-30 15:13:30.220  INFO [user-service,,,] 43206 --- [main] o.s.cloud.context.scope.GenericScope     : BeanFactory id=4531abf8-13c7-3dc9-92a4-ceda7c10e5e0
2017-10-30 15:13:30.303  INFO [user-service,,,] 43206 --- [main] trationDelegate$BeanPostProcessorChecker : Bean 'org.springframework.cloud.sleuth.instrument.async.AsyncDefaultAutoConfiguration$DefaultAsyncConfigurerSupport' of type [org.springframework.cloud.sleuth.instrument.async.AsyncDefaultAutoConfiguration$DefaultAsyncConfigurerSupport$$EnhancerBySpringCGLIB$$57915cf] is not eligible for getting processed by all BeanPostProcessors (for example: not eligible for auto-proxying)
2017-10-30 15:13:30.379  INFO [user-service,,,] 43206 --- [main] trationDelegate$BeanPostProcessorChecker : Bean 'org.springframework.cloud.sleuth.annotation.SleuthAnnotationAutoConfiguration' of type [org.springframework.cloud.sleuth.annotation.SleuthAnnotationAutoConfiguration$$EnhancerBySpringCGLIB$$ca9cbe3e] is not eligible for getting processed by all BeanPostProcessors (for example: not eligible for auto-proxying)
2017-10-30 15:13:30.549  INFO [user-service,,,] 43206 --- [main] trationDelegate$BeanPostProcessorChecker : Bean 'sleuthAdvisorConfig' of type [org.springframework.cloud.sleuth.annotation.SleuthAdvisorConfig] is not eligible for getting processed by all BeanPostProcessors (for example: not eligible for auto-proxying)
2017-10-30 15:13:30.551  INFO [user-service,,,] 43206 --- [main] trationDelegate$BeanPostProcessorChecker : Bean 'org.springframework.cloud.autoconfigure.ConfigurationPropertiesRebinderAutoConfiguration' of type [org.springframework.cloud.autoconfigure.ConfigurationPropertiesRebinderAutoConfiguration$$EnhancerBySpringCGLIB$$e4517b09] is not eligible for getting processed by all BeanPostProcessors (for example: not eligible for auto-proxying)
2017-10-30 15:13:30.573  INFO [user-service,,,] 43206 --- [main] trationDelegate$BeanPostProcessorChecker : Bean 'org.springframework.cloud.sleuth.instrument.async.AsyncDefaultAutoConfiguration' of type [org.springframework.cloud.sleuth.instrument.async.AsyncDefaultAutoConfiguration$$EnhancerBySpringCGLIB$$b01b242b] is not eligible for getting processed by all BeanPostProcessors (for example: not eligible for auto-proxying)
2017-10-30 15:13:31.054  INFO [user-service,,,] 43206 --- [main] s.b.c.e.t.TomcatEmbeddedServletContainer : Tomcat initialized with port(s): 8081 (http)
2017-10-30 15:13:31.067  INFO [user-service,,,] 43206 --- [main] o.apache.catalina.core.StandardService   : Starting service [Tomcat]
2017-10-30 15:13:31.068  INFO [user-service,,,] 43206 --- [main] org.apache.catalina.core.StandardEngine  : Starting Servlet Engine: Apache Tomcat/8.5.23
2017-10-30 15:13:31.161  INFO [user-service,,,] 43206 --- [localhost-startStop-1] o.a.c.c.C.[Tomcat].[localhost].[/]       : Initializing Spring embedded WebApplicationContext
2017-10-30 15:13:31.162  INFO [user-service,,,] 43206 --- [localhost-startStop-1] o.s.web.context.ContextLoader            : Root WebApplicationContext: initialization completed in 1581 ms
2017-10-30 15:13:31.543  INFO [user-service,,,] 43206 --- [localhost-startStop-1] o.s.b.w.servlet.FilterRegistrationBean   : Mapping filter: 'characterEncodingFilter' to: [/*]
2017-10-30 15:13:31.543  INFO [user-service,,,] 43206 --- [localhost-startStop-1] o.s.b.w.servlet.FilterRegistrationBean   : Mapping filter: 'traceFilter' to: [/*]
2017-10-30 15:13:31.544  INFO [user-service,,,] 43206 --- [localhost-startStop-1] o.s.b.w.servlet.FilterRegistrationBean   : Mapping filter: 'hiddenHttpMethodFilter' to: [/*]
2017-10-30 15:13:31.544  INFO [user-service,,,] 43206 --- [localhost-startStop-1] o.s.b.w.servlet.FilterRegistrationBean   : Mapping filter: 'httpPutFormContentFilter' to: [/*]
2017-10-30 15:13:31.544  INFO [user-service,,,] 43206 --- [localhost-startStop-1] o.s.b.w.servlet.FilterRegistrationBean   : Mapping filter: 'requestContextFilter' to: [/*]
2017-10-30 15:13:31.544  INFO [user-service,,,] 43206 --- [localhost-startStop-1] o.s.b.w.servlet.ServletRegistrationBean  : Mapping servlet: 'dispatcherServlet' to [/]
2017-10-30 15:13:32.355  INFO [user-service,,,] 43206 --- [main] s.w.s.m.m.a.RequestMappingHandlerAdapter : Looking for @ControllerAdvice: org.springframework.boot.context.embedded.AnnotationConfigEmbeddedWebApplicationContext@691939c9: startup date [Mon Oct 30 15:13:29 CST 2017]; parent: org.springframework.context.annotation.AnnotationConfigApplicationContext@4f18837a
2017-10-30 15:13:32.478  INFO [user-service,,,] 43206 --- [main] s.w.s.m.m.a.RequestMappingHandlerMapping : Mapped "{[/name],methods=[GET]}" onto public java.lang.String com.apiguild.controller.UserApi.getName()
2017-10-30 15:13:32.480  INFO [user-service,,,] 43206 --- [main] s.w.s.m.m.a.RequestMappingHandlerMapping : Mapped "{[/error]}" onto public org.springframework.http.ResponseEntity<java.util.Map<java.lang.String, java.lang.Object>> org.springframework.boot.autoconfigure.web.BasicErrorController.error(javax.servlet.http.HttpServletRequest)
2017-10-30 15:13:32.481  INFO [user-service,,,] 43206 --- [main] s.w.s.m.m.a.RequestMappingHandlerMapping : Mapped "{[/error],produces=[text/html]}" onto public org.springframework.web.servlet.ModelAndView org.springframework.boot.autoconfigure.web.BasicErrorController.errorHtml(javax.servlet.http.HttpServletRequest,javax.servlet.http.HttpServletResponse)
2017-10-30 15:13:32.576  INFO [user-service,,,] 43206 --- [main] o.s.w.s.handler.SimpleUrlHandlerMapping  : Mapped URL path [/webjars/**] onto handler of type [class org.springframework.web.servlet.resource.ResourceHttpRequestHandler]
2017-10-30 15:13:32.576  INFO [user-service,,,] 43206 --- [main] o.s.w.s.handler.SimpleUrlHandlerMapping  : Mapped URL path [/**] onto handler of type [class org.springframework.web.servlet.resource.ResourceHttpRequestHandler]
2017-10-30 15:13:32.642  INFO [user-service,,,] 43206 --- [main] o.s.w.s.handler.SimpleUrlHandlerMapping  : Mapped URL path [/**/favicon.ico] onto handler of type [class org.springframework.web.servlet.resource.ResourceHttpRequestHandler]
2017-10-30 15:13:33.146  INFO [user-service,,,] 43206 --- [main] o.s.s.c.ThreadPoolTaskScheduler          : Initializing ExecutorService 
2017-10-30 15:13:33.241  INFO [user-service,,,] 43206 --- [main] o.s.j.e.a.AnnotationMBeanExporter        : Registering beans for JMX exposure on startup
2017-10-30 15:13:33.248  INFO [user-service,,,] 43206 --- [main] o.s.j.e.a.AnnotationMBeanExporter        : Bean with name 'configurationPropertiesRebinder' has been autodetected for JMX exposure
2017-10-30 15:13:33.249  INFO [user-service,,,] 43206 --- [main] o.s.j.e.a.AnnotationMBeanExporter        : Bean with name 'environmentManager' has been autodetected for JMX exposure
2017-10-30 15:13:33.251  INFO [user-service,,,] 43206 --- [main] o.s.j.e.a.AnnotationMBeanExporter        : Bean with name 'refreshScope' has been autodetected for JMX exposure
2017-10-30 15:13:33.253  INFO [user-service,,,] 43206 --- [main] o.s.j.e.a.AnnotationMBeanExporter        : Located managed bean 'environmentManager': registering with JMX server as MBean [org.springframework.cloud.context.environment:name=environmentManager,type=EnvironmentManager]
2017-10-30 15:13:33.262  INFO [user-service,,,] 43206 --- [main] o.s.j.e.a.AnnotationMBeanExporter        : Located managed bean 'refreshScope': registering with JMX server as MBean [org.springframework.cloud.context.scope.refresh:name=refreshScope,type=RefreshScope]
2017-10-30 15:13:33.270  INFO [user-service,,,] 43206 --- [main] o.s.j.e.a.AnnotationMBeanExporter        : Located managed bean 'configurationPropertiesRebinder': registering with JMX server as MBean [org.springframework.cloud.context.properties:name=configurationPropertiesRebinder,context=691939c9,type=ConfigurationPropertiesRebinder]
2017-10-30 15:13:33.364  INFO [user-service,,,] 43206 --- [main] s.b.c.e.t.TomcatEmbeddedServletContainer : Tomcat started on port(s): 8081 (http)
2017-10-30 15:13:33.368  INFO [user-service,,,] 43206 --- [main] com.apiguild.UserApiApplication          : Started UserApiApplication in 5.353 seconds (JVM running for 5.772)
2017-10-30 15:17:15.706  INFO [user-service,,,] 43206 --- [http-nio-8081-exec-1] o.a.c.c.C.[Tomcat].[localhost].[/]       : Initializing Spring FrameworkServlet 'dispatcherServlet'
2017-10-30 15:17:15.706  INFO [user-service,,,] 43206 --- [http-nio-8081-exec-1] o.s.web.servlet.DispatcherServlet        : FrameworkServlet 'dispatcherServlet': initialization started
2017-10-30 15:17:15.746  INFO [user-service,,,] 43206 --- [http-nio-8081-exec-1] o.s.web.servlet.DispatcherServlet        : FrameworkServlet 'dispatcherServlet': initialization completed in 40 ms
2017-10-30 15:17:16.072  INFO [user-service,d26270bf459e46d8,7f534bf693d047ec,true] 43206 --- [http-nio-8081-exec-1] com.apiguild.controller.UserApi          : my name is: idolicemy age is: 18
