2017-10-24 14:35:54.121  INFO [-,,,] 39619 --- [main] com.apiguild.UserApiApplication          : No active profile set, falling back to default profiles: default
2017-10-24 14:35:54.132  INFO [-,,,] 39619 --- [main] ationConfigEmbeddedWebApplicationContext : Refreshing org.springframework.boot.context.embedded.AnnotationConfigEmbeddedWebApplicationContext@388526fb: startup date [Tue Oct 24 14:35:54 CST 2017]; parent: org.springframework.context.annotation.AnnotationConfigApplicationContext@6e75aa0d
2017-10-24 14:35:54.560  INFO [-,,,] 39619 --- [main] o.s.cloud.context.scope.GenericScope     : BeanFactory id=ce9682ac-2c8a-3ac5-9c49-9fa0588b431c
2017-10-24 14:35:54.618  INFO [-,,,] 39619 --- [main] trationDelegate$BeanPostProcessorChecker : Bean 'org.springframework.cloud.sleuth.instrument.async.AsyncDefaultAutoConfiguration$DefaultAsyncConfigurerSupport' of type [org.springframework.cloud.sleuth.instrument.async.AsyncDefaultAutoConfiguration$DefaultAsyncConfigurerSupport$$EnhancerBySpringCGLIB$$40a03050] is not eligible for getting processed by all BeanPostProcessors (for example: not eligible for auto-proxying)
2017-10-24 14:35:54.677  INFO [-,,,] 39619 --- [main] trationDelegate$BeanPostProcessorChecker : Bean 'org.springframework.cloud.sleuth.annotation.SleuthAnnotationAutoConfiguration' of type [org.springframework.cloud.sleuth.annotation.SleuthAnnotationAutoConfiguration$$EnhancerBySpringCGLIB$$5c3d8bf] is not eligible for getting processed by all BeanPostProcessors (for example: not eligible for auto-proxying)
2017-10-24 14:35:54.833  INFO [-,,,] 39619 --- [main] trationDelegate$BeanPostProcessorChecker : Bean 'sleuthAdvisorConfig' of type [org.springframework.cloud.sleuth.annotation.SleuthAdvisorConfig] is not eligible for getting processed by all BeanPostProcessors (for example: not eligible for auto-proxying)
2017-10-24 14:35:54.836  INFO [-,,,] 39619 --- [main] trationDelegate$BeanPostProcessorChecker : Bean 'org.springframework.cloud.autoconfigure.ConfigurationPropertiesRebinderAutoConfiguration' of type [org.springframework.cloud.autoconfigure.ConfigurationPropertiesRebinderAutoConfiguration$$EnhancerBySpringCGLIB$$1f78958a] is not eligible for getting processed by all BeanPostProcessors (for example: not eligible for auto-proxying)
2017-10-24 14:35:54.858  INFO [-,,,] 39619 --- [main] trationDelegate$BeanPostProcessorChecker : Bean 'org.springframework.cloud.sleuth.instrument.async.AsyncDefaultAutoConfiguration' of type [org.springframework.cloud.sleuth.instrument.async.AsyncDefaultAutoConfiguration$$EnhancerBySpringCGLIB$$eb423eac] is not eligible for getting processed by all BeanPostProcessors (for example: not eligible for auto-proxying)
2017-10-24 14:35:55.275  INFO [-,,,] 39619 --- [main] s.b.c.e.t.TomcatEmbeddedServletContainer : Tomcat initialized with port(s): 8081 (http)
2017-10-24 14:35:55.286  INFO [-,,,] 39619 --- [main] o.apache.catalina.core.StandardService   : Starting service [Tomcat]
2017-10-24 14:35:55.286  INFO [-,,,] 39619 --- [main] org.apache.catalina.core.StandardEngine  : Starting Servlet Engine: Apache Tomcat/8.5.23
2017-10-24 14:35:55.374  INFO [-,,,] 39619 --- [localhost-startStop-1] o.a.c.c.C.[Tomcat].[localhost].[/]       : Initializing Spring embedded WebApplicationContext
2017-10-24 14:35:55.375  INFO [-,,,] 39619 --- [localhost-startStop-1] o.s.web.context.ContextLoader            : Root WebApplicationContext: initialization completed in 1243 ms
2017-10-24 14:35:55.701  INFO [-,,,] 39619 --- [localhost-startStop-1] o.s.b.w.servlet.FilterRegistrationBean   : Mapping filter: 'characterEncodingFilter' to: [/*]
2017-10-24 14:35:55.702  INFO [-,,,] 39619 --- [localhost-startStop-1] o.s.b.w.servlet.FilterRegistrationBean   : Mapping filter: 'traceFilter' to: [/*]
2017-10-24 14:35:55.702  INFO [-,,,] 39619 --- [localhost-startStop-1] o.s.b.w.servlet.FilterRegistrationBean   : Mapping filter: 'hiddenHttpMethodFilter' to: [/*]
2017-10-24 14:35:55.702  INFO [-,,,] 39619 --- [localhost-startStop-1] o.s.b.w.servlet.FilterRegistrationBean   : Mapping filter: 'httpPutFormContentFilter' to: [/*]
2017-10-24 14:35:55.702  INFO [-,,,] 39619 --- [localhost-startStop-1] o.s.b.w.servlet.FilterRegistrationBean   : Mapping filter: 'requestContextFilter' to: [/*]
2017-10-24 14:35:55.703  INFO [-,,,] 39619 --- [localhost-startStop-1] o.s.b.w.servlet.ServletRegistrationBean  : Mapping servlet: 'dispatcherServlet' to [/]
2017-10-24 14:35:56.505  INFO [-,,,] 39619 --- [main] s.w.s.m.m.a.RequestMappingHandlerAdapter : Looking for @ControllerAdvice: org.springframework.boot.context.embedded.AnnotationConfigEmbeddedWebApplicationContext@388526fb: startup date [Tue Oct 24 14:35:54 CST 2017]; parent: org.springframework.context.annotation.AnnotationConfigApplicationContext@6e75aa0d
2017-10-24 14:35:56.627  INFO [-,,,] 39619 --- [main] s.w.s.m.m.a.RequestMappingHandlerMapping : Mapped "{[/name],methods=[GET]}" onto public java.lang.String com.apiguild.controller.UserApi.getName()
2017-10-24 14:35:56.629  INFO [-,,,] 39619 --- [main] s.w.s.m.m.a.RequestMappingHandlerMapping : Mapped "{[/error]}" onto public org.springframework.http.ResponseEntity<java.util.Map<java.lang.String, java.lang.Object>> org.springframework.boot.autoconfigure.web.BasicErrorController.error(javax.servlet.http.HttpServletRequest)
2017-10-24 14:35:56.630  INFO [-,,,] 39619 --- [main] s.w.s.m.m.a.RequestMappingHandlerMapping : Mapped "{[/error],produces=[text/html]}" onto public org.springframework.web.servlet.ModelAndView org.springframework.boot.autoconfigure.web.BasicErrorController.errorHtml(javax.servlet.http.HttpServletRequest,javax.servlet.http.HttpServletResponse)
2017-10-24 14:35:56.740  INFO [-,,,] 39619 --- [main] o.s.w.s.handler.SimpleUrlHandlerMapping  : Mapped URL path [/webjars/**] onto handler of type [class org.springframework.web.servlet.resource.ResourceHttpRequestHandler]
2017-10-24 14:35:56.741  INFO [-,,,] 39619 --- [main] o.s.w.s.handler.SimpleUrlHandlerMapping  : Mapped URL path [/**] onto handler of type [class org.springframework.web.servlet.resource.ResourceHttpRequestHandler]
2017-10-24 14:35:56.814  INFO [-,,,] 39619 --- [main] o.s.w.s.handler.SimpleUrlHandlerMapping  : Mapped URL path [/**/favicon.ico] onto handler of type [class org.springframework.web.servlet.resource.ResourceHttpRequestHandler]
2017-10-24 14:35:57.260  INFO [-,,,] 39619 --- [main] o.s.s.c.ThreadPoolTaskScheduler          : Initializing ExecutorService 
2017-10-24 14:35:57.388  INFO [-,,,] 39619 --- [main] o.s.j.e.a.AnnotationMBeanExporter        : Registering beans for JMX exposure on startup
2017-10-24 14:35:57.398  INFO [-,,,] 39619 --- [main] o.s.j.e.a.AnnotationMBeanExporter        : Bean with name 'configurationPropertiesRebinder' has been autodetected for JMX exposure
2017-10-24 14:35:57.399  INFO [-,,,] 39619 --- [main] o.s.j.e.a.AnnotationMBeanExporter        : Bean with name 'environmentManager' has been autodetected for JMX exposure
2017-10-24 14:35:57.400  INFO [-,,,] 39619 --- [main] o.s.j.e.a.AnnotationMBeanExporter        : Bean with name 'refreshScope' has been autodetected for JMX exposure
2017-10-24 14:35:57.402  INFO [-,,,] 39619 --- [main] o.s.j.e.a.AnnotationMBeanExporter        : Located managed bean 'environmentManager': registering with JMX server as MBean [org.springframework.cloud.context.environment:name=environmentManager,type=EnvironmentManager]
2017-10-24 14:35:57.411  INFO [-,,,] 39619 --- [main] o.s.j.e.a.AnnotationMBeanExporter        : Located managed bean 'refreshScope': registering with JMX server as MBean [org.springframework.cloud.context.scope.refresh:name=refreshScope,type=RefreshScope]
2017-10-24 14:35:57.419  INFO [-,,,] 39619 --- [main] o.s.j.e.a.AnnotationMBeanExporter        : Located managed bean 'configurationPropertiesRebinder': registering with JMX server as MBean [org.springframework.cloud.context.properties:name=configurationPropertiesRebinder,context=388526fb,type=ConfigurationPropertiesRebinder]
2017-10-24 14:35:57.553  INFO [-,,,] 39619 --- [main] s.b.c.e.t.TomcatEmbeddedServletContainer : Tomcat started on port(s): 8081 (http)
2017-10-24 14:35:57.557  INFO [-,,,] 39619 --- [main] com.apiguild.UserApiApplication          : Started UserApiApplication in 8.182 seconds (JVM running for 8.548)
2017-10-24 14:36:11.575  INFO [-,,,] 39619 --- [Thread-6] ationConfigEmbeddedWebApplicationContext : Closing org.springframework.boot.context.embedded.AnnotationConfigEmbeddedWebApplicationContext@388526fb: startup date [Tue Oct 24 14:35:54 CST 2017]; parent: org.springframework.context.annotation.AnnotationConfigApplicationContext@6e75aa0d
2017-10-24 14:36:11.578  INFO [-,,,] 39619 --- [Thread-6] o.s.j.e.a.AnnotationMBeanExporter        : Unregistering JMX-exposed beans on shutdown
2017-10-24 14:36:11.578  INFO [-,,,] 39619 --- [Thread-6] o.s.j.e.a.AnnotationMBeanExporter        : Unregistering JMX-exposed beans
